Build started 9/22/2015 10:54:47 AM.
     1>Project "C:\Users\Truong-An\documents\visual studio 2015\Projects\SortingAlgorithm\SortingAlgorithm\SortingAlgorithm.vcxproj" on node 2 (Build target(s)).
     1>ClCompile:
         C:\Program Files (x86)\Microsoft Visual Studio 14.0\VC\bin\CL.exe /c /ZI /nologo /W3 /WX- /sdl /Od /Oy- /D WIN32 /D _DEBUG /D _CONSOLE /D _UNICODE /D UNICODE /Gm /EHsc /RTC1 /MDd /GS /fp:precise /Zc:wchar_t /Zc:forScope /Zc:inline /Fo"Debug\\" /Fd"Debug\vc140.pdb" /Gd /TP /analyze- /errorReport:prompt Main.cpp ShellSort.cpp
         ShellSort.cpp
     1>c:\users\truong-an\documents\visual studio 2015\projects\sortingalgorithm\sortingalgorithm\shellsort.cpp(15): warning C4018: '<': signed/unsigned mismatch
     1>c:\users\truong-an\documents\visual studio 2015\projects\sortingalgorithm\sortingalgorithm\shellsort.cpp(18): warning C4018: '<': signed/unsigned mismatch
         Main.cpp
     1>c:\users\truong-an\documents\visual studio 2015\projects\sortingalgorithm\sortingalgorithm\main.cpp(29): warning C4018: '<': signed/unsigned mismatch
         Generating Code...
       Link:
         C:\Program Files (x86)\Microsoft Visual Studio 14.0\VC\bin\link.exe /ERRORREPORT:PROMPT /OUT:"C:\Users\Truong-An\documents\visual studio 2015\Projects\SortingAlgorithm\Debug\SortingAlgorithm.exe" /INCREMENTAL /NOLOGO kernel32.lib user32.lib gdi32.lib winspool.lib comdlg32.lib advapi32.lib shell32.lib ole32.lib oleaut32.lib uuid.lib odbc32.lib odbccp32.lib /MANIFEST /MANIFESTUAC:"level='asInvoker' uiAccess='false'" /manifest:embed /Debug /PDB:"C:\Users\Truong-An\documents\visual studio 2015\Projects\SortingAlgorithm\Debug\SortingAlgorithm.pdb" /SUBSYSTEM:CONSOLE /TLBID:1 /DYNAMICBASE /NXCOMPAT /IMPLIB:"C:\Users\Truong-An\documents\visual studio 2015\Projects\SortingAlgorithm\Debug\SortingAlgorithm.lib" /MACHINE:X86 Debug\BubbleSort.obj
         Debug\HeapSort.obj
         Debug\InsertionSort.obj
         Debug\Main.obj
         Debug\MergeSort.obj
         Debug\QuickSort.obj
         Debug\SelectionSort.obj
         Debug\ShellSort.obj
         SortingAlgorithm.vcxproj -> C:\Users\Truong-An\documents\visual studio 2015\Projects\SortingAlgorithm\Debug\SortingAlgorithm.exe
     1>Done Building Project "C:\Users\Truong-An\documents\visual studio 2015\Projects\SortingAlgorithm\SortingAlgorithm\SortingAlgorithm.vcxproj" (Build target(s)).

Build succeeded.

Time Elapsed 00:00:02.62
